==> Preparing data..
Files already downloaded and verified
Files already downloaded and verified
==> Building model..

Epoch: 0
/share/apps/python/3.8.6/intel/lib/python3.8/site-packages/setuptools/distutils_patch.py:25: UserWarning: Distutils was imported before Setuptools. This usage is discouraged and may exhibit undesirable behaviors or errors. Please use Setuptools' objects directly or at least import Setuptools first.
  warnings.warn(
Saving..

Epoch: 1

Epoch: 2

Epoch: 3

Epoch: 4
Saving..

Epoch: 5

Epoch: 6

Epoch: 7

Epoch: 8

Epoch: 9
Saving..

Epoch: 10

Epoch: 11

Epoch: 12

Epoch: 13

Epoch: 14
Saving..

Epoch: 15

Epoch: 16

Epoch: 17

Epoch: 18

Epoch: 19

Epoch: 20

Epoch: 21

Epoch: 22

Epoch: 23

Epoch: 24

Epoch: 25

Epoch: 26

Epoch: 27

Epoch: 28

Epoch: 29

Epoch: 30

Epoch: 31

Epoch: 32

Epoch: 33

Epoch: 34

Epoch: 35

Epoch: 36

Epoch: 37

Epoch: 38

Epoch: 39

Epoch: 40

Epoch: 41

Epoch: 42

Epoch: 43

Epoch: 44

Epoch: 45

Epoch: 46

Epoch: 47

Epoch: 48

Epoch: 49

Epoch: 50

Epoch: 51

Epoch: 52

Epoch: 53

Epoch: 54

Epoch: 55

Epoch: 56

Epoch: 57

Epoch: 58

Epoch: 59

Epoch: 60

Epoch: 61

Epoch: 62

Epoch: 63

Epoch: 64

Epoch: 65

Epoch: 66

Epoch: 67

Epoch: 68

Epoch: 69

Epoch: 70

Epoch: 71

Epoch: 72

Epoch: 73

Epoch: 74

Epoch: 75

Epoch: 76

Epoch: 77

Epoch: 78

Epoch: 79

Epoch: 80

Epoch: 81

Epoch: 82

Epoch: 83

Epoch: 84

Epoch: 85

Epoch: 86

Epoch: 87

Epoch: 88

Epoch: 89

Epoch: 90

Epoch: 91

Epoch: 92

Epoch: 93

Epoch: 94

Epoch: 95

Epoch: 96

Epoch: 97

Epoch: 98

Epoch: 99

Epoch: 100

Epoch: 101

Epoch: 102

Epoch: 103

Epoch: 104

Epoch: 105

Epoch: 106

Epoch: 107

Epoch: 108

Epoch: 109

Epoch: 110

Epoch: 111

Epoch: 112

Epoch: 113

Epoch: 114

Epoch: 115

Epoch: 116

Epoch: 117

Epoch: 118

Epoch: 119

Epoch: 120

Epoch: 121

Epoch: 122
Saving..

Epoch: 123

Epoch: 124

Epoch: 125

Epoch: 126

Epoch: 127

Epoch: 128

Epoch: 129

Epoch: 130

Epoch: 131

Epoch: 132

Epoch: 133

Epoch: 134

Epoch: 135

Epoch: 136

Epoch: 137

Epoch: 138

Epoch: 139

Epoch: 140
Saving..

Epoch: 141

Epoch: 142
Saving..

Epoch: 143

Epoch: 144

Epoch: 145
Saving..

Epoch: 146

Epoch: 147

Epoch: 148

Epoch: 149
Saving..

Epoch: 150

Epoch: 151

Epoch: 152

Epoch: 153

Epoch: 154

Epoch: 155

Epoch: 156
Saving..

Epoch: 157

Epoch: 158

Epoch: 159

Epoch: 160

Epoch: 161

Epoch: 162

Epoch: 163

Epoch: 164

Epoch: 165

Epoch: 166

Epoch: 167
Saving..

Epoch: 168
Saving..

Epoch: 169

Epoch: 170

Epoch: 171

Epoch: 172

Epoch: 173
Saving..

Epoch: 174

Epoch: 175

Epoch: 176

Epoch: 177

Epoch: 178

Epoch: 179

Epoch: 180

Epoch: 181

Epoch: 182
Saving..

Epoch: 183
Saving..

Epoch: 184

Epoch: 185

Epoch: 186

Epoch: 187

Epoch: 188

Epoch: 189
Saving..

Epoch: 190
Saving..

Epoch: 191
Saving..

Epoch: 192
Saving..

Epoch: 193
Saving..

Epoch: 194

Epoch: 195
Saving..

Epoch: 196
Saving..

Epoch: 197
Saving..

Epoch: 198
Saving..

Epoch: 199
Saving..

real	51m25.317s
user	155m39.911s
sys	19m3.568s
