==> Preparing data..
Files already downloaded and verified
Files already downloaded and verified
==> Building model..

Epoch: 0
/share/apps/python/3.8.6/intel/lib/python3.8/site-packages/setuptools/distutils_patch.py:25: UserWarning: Distutils was imported before Setuptools. This usage is discouraged and may exhibit undesirable behaviors or errors. Please use Setuptools' objects directly or at least import Setuptools first.
  warnings.warn(
Saving..

Epoch: 1
Saving..

Epoch: 2
Saving..

Epoch: 3
Saving..

Epoch: 4
Saving..

Epoch: 5

Epoch: 6
Saving..

Epoch: 7
Saving..

Epoch: 8
Saving..

Epoch: 9
Saving..

Epoch: 10
Saving..

Epoch: 11

Epoch: 12

Epoch: 13
Saving..

Epoch: 14

Epoch: 15

Epoch: 16

Epoch: 17
Saving..

Epoch: 18
Saving..

Epoch: 19
Saving..

Epoch: 20

Epoch: 21
Saving..

Epoch: 22
Saving..

Epoch: 23

Epoch: 24

Epoch: 25

Epoch: 26
Saving..

Epoch: 27

Epoch: 28

Epoch: 29
Saving..

Epoch: 30

Epoch: 31
Saving..

Epoch: 32

Epoch: 33
Saving..

Epoch: 34

Epoch: 35

Epoch: 36

Epoch: 37

Epoch: 38
Saving..

Epoch: 39

Epoch: 40
Saving..

Epoch: 41
Saving..

Epoch: 42
Saving..

Epoch: 43

Epoch: 44
Saving..

Epoch: 45

Epoch: 46
Saving..

Epoch: 47

Epoch: 48

Epoch: 49

Epoch: 50

Epoch: 51

Epoch: 52

Epoch: 53

Epoch: 54

Epoch: 55

Epoch: 56

Epoch: 57

Epoch: 58

Epoch: 59

Epoch: 60

Epoch: 61
Saving..

Epoch: 62

Epoch: 63

Epoch: 64
Saving..

Epoch: 65

Epoch: 66

Epoch: 67

Epoch: 68

Epoch: 69

Epoch: 70
Saving..

Epoch: 71

Epoch: 72

Epoch: 73

Epoch: 74

Epoch: 75

Epoch: 76

Epoch: 77

Epoch: 78
Saving..

Epoch: 79

Epoch: 80

Epoch: 81

Epoch: 82

Epoch: 83

Epoch: 84

Epoch: 85

Epoch: 86

Epoch: 87

Epoch: 88

Epoch: 89

Epoch: 90

Epoch: 91
Saving..

Epoch: 92

Epoch: 93

Epoch: 94

Epoch: 95

Epoch: 96

Epoch: 97

Epoch: 98

Epoch: 99

Epoch: 100

Epoch: 101

Epoch: 102

Epoch: 103

Epoch: 104

Epoch: 105

Epoch: 106

Epoch: 107

Epoch: 108

Epoch: 109

Epoch: 110

Epoch: 111

Epoch: 112

Epoch: 113

Epoch: 114

Epoch: 115

Epoch: 116

Epoch: 117

Epoch: 118

Epoch: 119

Epoch: 120

Epoch: 121

Epoch: 122

Epoch: 123

Epoch: 124

Epoch: 125

Epoch: 126

Epoch: 127

Epoch: 128

Epoch: 129

Epoch: 130

Epoch: 131

Epoch: 132

Epoch: 133

Epoch: 134

Epoch: 135

Epoch: 136

Epoch: 137

Epoch: 138

Epoch: 139

Epoch: 140

Epoch: 141

Epoch: 142

Epoch: 143

Epoch: 144

Epoch: 145

Epoch: 146

Epoch: 147

Epoch: 148

Epoch: 149

Epoch: 150

Epoch: 151

Epoch: 152

Epoch: 153

Epoch: 154

Epoch: 155

Epoch: 156

Epoch: 157

Epoch: 158

Epoch: 159

Epoch: 160

Epoch: 161

Epoch: 162

Epoch: 163

Epoch: 164

Epoch: 165

Epoch: 166

Epoch: 167

Epoch: 168

Epoch: 169

Epoch: 170

Epoch: 171

Epoch: 172

Epoch: 173

Epoch: 174
Saving..

Epoch: 175

Epoch: 176

Epoch: 177

Epoch: 178

Epoch: 179

Epoch: 180

Epoch: 181

Epoch: 182

Epoch: 183

Epoch: 184

Epoch: 185

Epoch: 186

Epoch: 187

Epoch: 188

Epoch: 189

Epoch: 190

Epoch: 191

Epoch: 192

Epoch: 193

Epoch: 194

Epoch: 195

Epoch: 196

Epoch: 197

Epoch: 198

Epoch: 199

real	51m51.143s
user	156m52.546s
sys	18m25.867s
