==> Preparing data..
Files already downloaded and verified
Files already downloaded and verified
==> Building model..

Epoch: 0
/share/apps/python/3.8.6/intel/lib/python3.8/site-packages/setuptools/distutils_patch.py:25: UserWarning: Distutils was imported before Setuptools. This usage is discouraged and may exhibit undesirable behaviors or errors. Please use Setuptools' objects directly or at least import Setuptools first.
  warnings.warn(
Saving..

Epoch: 1
Saving..

Epoch: 2
Saving..

Epoch: 3
Saving..

Epoch: 4
Saving..

Epoch: 5
Saving..

Epoch: 6
Saving..

Epoch: 7

Epoch: 8

Epoch: 9
Saving..

Epoch: 10

Epoch: 11

Epoch: 12
Saving..

Epoch: 13
Saving..

Epoch: 14

Epoch: 15

Epoch: 16
Saving..

Epoch: 17
Saving..

Epoch: 18

Epoch: 19

Epoch: 20

Epoch: 21

Epoch: 22

Epoch: 23
Saving..

Epoch: 24

Epoch: 25
Saving..

Epoch: 26
Saving..

Epoch: 27

Epoch: 28

Epoch: 29

Epoch: 30

Epoch: 31
Saving..

Epoch: 32

Epoch: 33

Epoch: 34

Epoch: 35

Epoch: 36

Epoch: 37
Saving..

Epoch: 38

Epoch: 39

Epoch: 40
Saving..

Epoch: 41
Saving..

Epoch: 42

Epoch: 43

Epoch: 44

Epoch: 45

Epoch: 46

Epoch: 47

Epoch: 48
Saving..

Epoch: 49

Epoch: 50

Epoch: 51

Epoch: 52

Epoch: 53

Epoch: 54
Saving..

Epoch: 55

Epoch: 56

Epoch: 57
Saving..

Epoch: 58

Epoch: 59

Epoch: 60
Saving..

Epoch: 61

Epoch: 62

Epoch: 63

Epoch: 64
Saving..

Epoch: 65

Epoch: 66

Epoch: 67
Saving..

Epoch: 68

Epoch: 69

Epoch: 70
Saving..

Epoch: 71

Epoch: 72

Epoch: 73

Epoch: 74

Epoch: 75

Epoch: 76
Saving..

Epoch: 77

Epoch: 78

Epoch: 79
Saving..

Epoch: 80

Epoch: 81
Saving..

Epoch: 82
Saving..

Epoch: 83

Epoch: 84

Epoch: 85
Saving..

Epoch: 86
Saving..

Epoch: 87

Epoch: 88
Saving..

Epoch: 89

Epoch: 90

Epoch: 91
Saving..

Epoch: 92

Epoch: 93

Epoch: 94

Epoch: 95
Saving..

Epoch: 96

Epoch: 97
Saving..

Epoch: 98
Saving..

Epoch: 99
Saving..

Epoch: 100
Traceback (most recent call last):
  File "main.py", line 188, in <module>
    if args.optim == 'sgd': scheduler.step()
  File "/home/ng2531/venvs/dl/lib/python3.8/site-packages/torch/optim/lr_scheduler.py", line 152, in step
    values = self.get_lr()
  File "/home/ng2531/venvs/dl/lib/python3.8/site-packages/torch/optim/lr_scheduler.py", line 1571, in get_lr
    raise ValueError("Tried to step {} times. The specified number of total steps is {}"
ValueError: Tried to step 102 times. The specified number of total steps is 100

real	26m8.463s
user	78m30.514s
sys	9m49.724s
